<?xml version="1.0" encoding="utf-8"?><testsuites name="pytest tests"><testsuite name="pytest" errors="0" failures="0" skipped="0" tests="12" time="2.610" timestamp="2026-01-27T20:28:20.863707+00:00" hostname="agent-env-5c82e624-a42e-4638-8fa9-f1a4c6110880"><testcase classname="backend.tests.test_auth.TestHealthCheck" name="test_health_endpoint" time="0.110" /><testcase classname="backend.tests.test_auth.TestUserRegistration" name="test_register_new_user" time="0.296" /><testcase classname="backend.tests.test_auth.TestUserRegistration" name="test_register_duplicate_email" time="0.313" /><testcase classname="backend.tests.test_auth.TestUserRegistration" name="test_register_duplicate_username" time="0.308" /><testcase classname="backend.tests.test_auth.TestUserLogin" name="test_login_with_email" time="0.318" /><testcase classname="backend.tests.test_auth.TestUserLogin" name="test_login_with_username" time="0.304" /><testcase classname="backend.tests.test_auth.TestUserLogin" name="test_login_wrong_password" time="0.352" /><testcase classname="backend.tests.test_auth.TestUserLogin" name="test_login_nonexistent_user" time="0.085" /><testcase classname="backend.tests.test_auth.TestAuthMe" name="test_auth_me_with_valid_token" time="0.338" /><testcase classname="backend.tests.test_auth.TestAuthMe" name="test_auth_me_without_token" time="0.034" /><testcase classname="backend.tests.test_auth.TestAuthMe" name="test_auth_me_with_invalid_token" time="0.040" /><testcase classname="backend.tests.test_auth.TestStatsEndpoint" name="test_stats_endpoint" time="0.041" /></testsuite></testsuites>