<?xml version="1.0" encoding="utf-8"?><testsuites name="pytest tests"><testsuite name="pytest" errors="0" failures="0" skipped="0" tests="13" time="0.818" timestamp="2026-01-14T23:44:58.388064+00:00" hostname="agent-env-a6c0909b-46c7-4257-abc9-a16d427184e0"><testcase classname="tests.test_backend_api.TestHealthEndpoint" name="test_health_returns_healthy" time="0.069" /><testcase classname="tests.test_backend_api.TestStatsEndpoint" name="test_stats_returns_valid_data" time="0.040" /><testcase classname="tests.test_backend_api.TestPlotsEndpoint" name="test_plots_returns_list" time="0.040" /><testcase classname="tests.test_backend_api.TestPlotsEndpoint" name="test_plot_by_coords_center" time="0.037" /><testcase classname="tests.test_backend_api.TestPlotsEndpoint" name="test_plot_by_coords_edge" time="0.078" /><testcase classname="tests.test_backend_api.TestBusinessTypesEndpoint" name="test_business_types_returns_all_types" time="0.047" /><testcase classname="tests.test_backend_api.TestBusinessTypesEndpoint" name="test_business_type_has_required_fields" time="0.045" /><testcase classname="tests.test_backend_api.TestBusinessTypesEndpoint" name="test_business_types_multilingual" time="0.047" /><testcase classname="tests.test_backend_api.TestAuthEndpoint" name="test_verify_wallet_creates_user" time="0.080" /><testcase classname="tests.test_backend_api.TestAuthEndpoint" name="test_get_current_user_with_token" time="0.126" /><testcase classname="tests.test_backend_api.TestLeaderboardEndpoint" name="test_leaderboard_returns_data" time="0.039" /><testcase classname="tests.test_backend_api.TestIncomeTableEndpoint" name="test_income_table_returns_data" time="0.080" /><testcase classname="tests.test_backend_api.TestBusinessesEndpoint" name="test_businesses_returns_list" time="0.037" /></testsuite></testsuites>